<?xml version="1.0" encoding="UTF-8"?>
<testng-results ignored="0" total="1" passed="1" failed="0" skipped="0">
  <reporter-output>
  </reporter-output>
  <suite started-at="2023-01-24T19:34:29 IST" name="Default suite" finished-at="2023-01-24T19:35:03 IST" duration-ms="34224">
    <groups>
    </groups>
    <test started-at="2023-01-24T19:34:29 IST" name="Default test" finished-at="2023-01-24T19:35:03 IST" duration-ms="34224">
      <class name="PlanetsSuperheros.FlipflopTest">
        <test-method signature="main()[pri:0, instance:PlanetsSuperheros.FlipflopTest@15bbf42f]" started-at="2023-01-24T19:34:29 IST" name="main" finished-at="2023-01-24T19:35:03 IST" duration-ms="34194" status="PASS">
          <reporter-output>
          </reporter-output>
        </test-method> <!-- main -->
      </class> <!-- PlanetsSuperheros.FlipflopTest -->
    </test> <!-- Default test -->
  </suite> <!-- Default suite -->
</testng-results>
